INFO:root:atsend/mfuzz starts...
INFO:root:port is opened for /dev/ttyACM0
INFO:root:atsend/mfuzz ends...
INFO:root:atsend/mfuzz starts...
INFO:root:port is opened for /dev/ttyACM0
INFO:root:port is closed
INFO:root:atsend/mfuzz ends...
INFO:root:atsend/mfuzz starts...
INFO:root:port is opened for /dev/ttyACM0
INFO:root:port is closed
INFO:root:atsend/mfuzz ends...
INFO:root:atsend/mfuzz starts...
INFO:root:port is opened for /dev/ttyACM0
INFO:root:port is closed
INFO:root:atsend/mfuzz ends...
INFO:root:atsend/mfuzz starts...
INFO:root:port is opened for /dev/ttyACM0
INFO:root:response [['NO CARRIER\r']]
INFO:root:response [['NO CARRIER\r']]
INFO:root:response [['NO CARRIER\r']]
INFO:root:response [['NO CARRIER\r']]
INFO:root:port is closed
INFO:root:atsend/mfuzz ends...
INFO:root:atsend/mfuzz starts...
INFO:root:port is opened for /dev/ttyACM0
INFO:root:response [['NO CARRIER\r']]
INFO:root:response [['NO CARRIER\r']]
INFO:root:response [['NO CARRIER\r']]
INFO:root:port is closed
INFO:root:atsend/mfuzz ends...
INFO:root:atsend/mfuzz starts...
INFO:root:port is opened for /dev/ttyACM0
INFO:root:response [['ATID1234\r\r', 'Manufacturer: LG Electronics\r', 'Model: D820    \r', 'Revision: M8974A-2.0.50.2.26  1  [Sep 03 2014 07:00:00]\r', 'SVN: 58\r', 'IMEI: 352584064402768\r', '+GCAP: +CGSM\r', 'NO CARRIER\r']]
INFO:root:atsend/mfuzz starts...
INFO:root:port is opened for /dev/ttyACM0
INFO:root:atsend/mfuzz ends...
INFO:root:atsend/mfuzz starts...
INFO:root:port is opened for /dev/ttyACM0
INFO:root:response [['NO CARRIER\r']]
INFO:root:response [['NO CARRIER\r']]
INFO:root:response [['NO CARRIER\r']]
INFO:root:response [['NO CARRIER\r']]
INFO:root:response [['NO CARRIER\r']]
INFO:root:response [['NO CARRIER\r']]
INFO:root:response [['NO CARRIER\r']]
INFO:root:atsend/mfuzz starts...
INFO:root:port is opened for /dev/ttyACM0
INFO:root:atsend/mfuzz starts...
INFO:root:port is opened for /dev/ttyACM0
INFO:root:atsend/mfuzz starts...
INFO:root:port is opened for /dev/ttyACM0
INFO:root:atsend/mfuzz starts...
INFO:root:port is opened for /dev/ttyACM0
INFO:root:atsend/mfuzz starts...
INFO:root:port is opened for /dev/ttyACM0
INFO:root:atsend/mfuzz starts...
INFO:root:port is opened for /dev/ttyACM0
INFO:root:atsend/mfuzz starts...
INFO:root:port is opened for /dev/ttyACM0
INFO:root:atsend/mfuzz starts...
INFO:root:port is opened for /dev/ttyACM0
INFO:root:atsend/mfuzz starts...
INFO:root:port is opened for /dev/ttyACM0
INFO:root:atsend/mfuzz starts...
INFO:root:port is opened for /dev/ttyACM0
INFO:root:atsend/mfuzz starts...
INFO:root:port is opened for /dev/ttyACM0
INFO:root:atsend/mfuzz starts...
INFO:root:port is opened for /dev/ttyACM0
INFO:root:atsend/mfuzz starts...
INFO:root:port is opened for /dev/ttyACM0
INFO:root:atsend/mfuzz starts...
INFO:root:port is opened for /dev/ttyACM0
INFO:root:atsend/mfuzz starts...
INFO:root:port is opened for /dev/ttyACM0
INFO:root:atsend/mfuzz starts...
INFO:root:port is opened for /dev/ttyACM0
INFO:root:atsend/mfuzz starts...
INFO:root:port is opened for /dev/ttyACM0
INFO:root:atsend/mfuzz starts...
INFO:root:port is opened for /dev/ttyACM0
INFO:root:atsend/mfuzz starts...
INFO:root:port is opened for /dev/ttyACM0
INFO:root:atsend/mfuzz starts...
INFO:root:port is opened for /dev/ttyACM0
INFO:root:response [['NO CARRIER\r']]
INFO:root:response [['NO CARRIER\r']]
INFO:root:atsend/mfuzz starts...
INFO:root:port is opened for /dev/ttyACM0
INFO:root:atsend/mfuzz starts...
INFO:root:port is opened for /dev/ttyACM0
INFO:root:atsend/mfuzz starts...
INFO:root:port is opened for /dev/ttyACM0
INFO:root:atsend/mfuzz starts...
INFO:root:port is opened for /dev/ttyACM0
INFO:root:atsend/mfuzz starts...
INFO:root:port is opened for /dev/ttyACM0
INFO:root:atsend/mfuzz starts...
INFO:root:port is opened for /dev/ttyACM0
INFO:root:response [['NO CARRIER\r']]
INFO:root:response [['NO CARRIER\r']]
INFO:root:response [['NO CARRIER\r']]
INFO:root:atsend/mfuzz starts...
INFO:root:port is opened for /dev/ttyACM0
INFO:root:atsend/mfuzz starts...
INFO:root:port is opened for /dev/ttyACM0
INFO:root:atsend/mfuzz starts...
INFO:root:atsend/mfuzz starts...
INFO:root:port is opened for /dev/ttyACM0
INFO:root:atsend/mfuzz starts...
INFO:root:port is opened for /dev/ttyACM0
INFO:root:atsend/mfuzz starts...
INFO:root:port is opened for /dev/ttyACM0
INFO:root:atsend/mfuzz starts...
INFO:root:port is opened for /dev/ttyACM0
INFO:root:atsend/mfuzz starts...
INFO:root:port is opened for /dev/ttyACM0
INFO:root:atsend/mfuzz starts...
INFO:root:port is opened for /dev/ttyACM0
INFO:root:atsend/mfuzz starts...
INFO:root:port is opened for /dev/ttyACM0
INFO:root:atsend/mfuzz starts...
INFO:root:port is opened for /dev/ttyACM0
INFO:root:atsend/mfuzz starts...
INFO:root:port is opened for /dev/ttyACM0
INFO:root:response [['NO CARRIER\r']]
INFO:root:response [['NO CARRIER\r']]
INFO:root:response [['NO CARRIER\r']]
INFO:root:atsend/mfuzz starts...
INFO:root:port is opened for /dev/ttyACM0
INFO:root:atsend/mfuzz starts...
INFO:root:port is opened for /dev/ttyACM0
INFO:root:atsend/mfuzz starts...
INFO:root:port is opened for /dev/ttyACM0
INFO:root:response [['NO CARRIER\r']]
INFO:root:response [['NO CARRIER\r']]
INFO:root:response [['NO CARRIER\r']]
INFO:root:atsend/mfuzz starts...
INFO:root:port is opened for /dev/ttyACM0
INFO:root:response [['NO CARRIER\r']]
INFO:root:response [['NO CARRIER\r']]
INFO:root:response [['NO CARRIER\r']]
INFO:root:atsend/mfuzz starts...
INFO:root:port is opened for /dev/ttyACM0
INFO:root:response [['NO CARRIER\r']]
INFO:root:response [['NO CARRIER\r']]
INFO:root:response [['NO CARRIER\r']]
INFO:root:atsend/mfuzz starts...
INFO:root:port is opened for /dev/ttyACM0
INFO:root:response [['NO CARRIER\r']]
INFO:root:response [['NO CARRIER\r']]
INFO:root:response [['NO CARRIER\r']]
INFO:root:atsend/mfuzz starts...
INFO:root:port is opened for /dev/ttyACM0
INFO:root:response [['NO CARRIER\r']]
INFO:root:atsend/mfuzz starts...
INFO:root:port is opened for /dev/ttyACM0
INFO:root:atsend/mfuzz starts...
INFO:root:port is opened for /dev/ttyACM0
INFO:root:response [['NO CARRIER\r']]
INFO:root:response [['NO CARRIER\r']]
INFO:root:response [['NO CARRIER\r']]
INFO:root:atsend/mfuzz starts...
INFO:root:port is opened for /dev/ttyACM0
INFO:root:atsend/mfuzz starts...
INFO:root:atsend/mfuzz starts...
INFO:root:atsend/mfuzz starts...
INFO:root:atsend/mfuzz starts...
INFO:root:atsend/mfuzz starts...
INFO:root:atsend/mfuzz starts...
INFO:root:port is opened for /dev/ttyACM1
INFO:root:atsend/mfuzz starts...
INFO:root:port is opened for /dev/ttyACM1
INFO:root:atsend/mfuzz starts...
INFO:root:port is opened for /dev/ttyACM1
INFO:root:atsend/mfuzz starts...
INFO:root:port is opened for /dev/ttyACM1
INFO:root:atsend/mfuzz starts...
INFO:root:port is opened for /dev/ttyACM1
INFO:root:atsend/mfuzz starts...
INFO:root:port is opened for /dev/ttyACM1
INFO:root:atsend/mfuzz starts...
INFO:root:port is opened for /dev/ttyACM1
INFO:root:atsend/mfuzz ends...
INFO:root:atsend/mfuzz starts...
INFO:root:port is opened for /dev/ttyACM1
INFO:root:atsend/mfuzz ends...
INFO:root:atsend/mfuzz starts...
INFO:root:port is opened for /dev/ttyACM1
INFO:root:atsend/mfuzz ends...
INFO:root:atsend/mfuzz starts...
INFO:root:port is opened for /dev/ttyACM1
INFO:root:atsend/mfuzz ends...
INFO:root:atsend/mfuzz starts...
INFO:root:port is opened for /dev/ttyACM1
INFO:root:atsend/mfuzz ends...
INFO:root:atsend/mfuzz starts...
INFO:root:port is opened for /dev/ttyACM1
INFO:root:atsend/mfuzz ends...
INFO:root:atsend/mfuzz starts...
INFO:root:port is opened for /dev/ttyACM1
INFO:root:atsend/mfuzz ends...
INFO:root:atsend/mfuzz starts...
INFO:root:port is opened for /dev/ttyACM1
INFO:root:atsend/mfuzz ends...
INFO:root:atsend/mfuzz starts...
INFO:root:port is opened for /dev/ttyACM1
INFO:root:atsend/mfuzz ends...
INFO:root:atsend/mfuzz starts...
INFO:root:port is opened for /dev/ttyACM1
INFO:root:atsend/mfuzz ends...
INFO:root:atsend/mfuzz starts...
INFO:root:port is opened for /dev/ttyACM1
INFO:root:atsend/mfuzz ends...
INFO:root:atsend/mfuzz starts...
INFO:root:port is opened for /dev/ttyACM1
INFO:root:atsend/mfuzz ends...
INFO:root:atsend/mfuzz starts...
INFO:root:port is opened for /dev/ttyACM1
INFO:root:atsend/mfuzz ends...
INFO:root:atsend/mfuzz starts...
INFO:root:atsend/mfuzz starts...
INFO:root:atsend/mfuzz starts...
INFO:root:atsend/mfuzz ends...
INFO:root:atsend/mfuzz starts...
INFO:root:atsend/mfuzz ends...
INFO:root:atsend/mfuzz starts...
INFO:root:atsend/mfuzz starts...
INFO:root:port is opened for /dev/ttyACM1
INFO:root:atsend/mfuzz ends...
INFO:root:atsend/mfuzz starts...
INFO:root:port is opened for /dev/ttyACM1
INFO:root:atsend/mfuzz starts...
INFO:root:atsend/mfuzz starts...
INFO:root:port is opened for /dev/ttyACM0
INFO:root:atsend/mfuzz ends...
INFO:root:atsend/mfuzz starts...
INFO:root:port is opened for /dev/ttyACM0
INFO:root:atsend/mfuzz ends...
INFO:root:atsend/mfuzz starts...
INFO:root:port is opened for /dev/ttyACM1
INFO:root:atsend/mfuzz ends...
INFO:root:atsend/mfuzz starts...
INFO:root:port is opened for /dev/ttyACM1
INFO:root:atsend/mfuzz starts...
INFO:root:atsend/mfuzz starts...
INFO:root:port is opened for /dev/ttyACM0
INFO:root:atsend/mfuzz ends...
INFO:root:atsend/mfuzz starts...
INFO:root:port is opened for /dev/ttyACM0
INFO:root:atsend/mfuzz ends...
INFO:root:atsend/mfuzz starts...
INFO:root:port is opened for /dev/ttyACM1
INFO:root:atsend/mfuzz ends...
INFO:root:atsend/mfuzz starts...
INFO:root:port is opened for /dev/ttyACM1
INFO:root:atsend/mfuzz ends...
INFO:root:atsend/mfuzz starts...
INFO:root:port is opened for /dev/ttyACM0
INFO:root:atsend/mfuzz ends...
INFO:root:atsend/mfuzz starts...
INFO:root:port is opened for /dev/ttyACM0
INFO:root:atsend/mfuzz ends...
INFO:root:atsend/mfuzz starts...
INFO:root:atsend/mfuzz starts...
INFO:root:atsend/mfuzz starts...
INFO:root:port is opened for /dev/ttyACM1
INFO:root:atsend/mfuzz ends...
INFO:root:atsend/mfuzz starts...
INFO:root:port is opened for /dev/ttyACM1
INFO:root:atsend/mfuzz starts...
INFO:root:atsend/mfuzz starts...
INFO:root:port is opened for /dev/ttyACM0
INFO:root:atsend/mfuzz ends...
INFO:root:atsend/mfuzz starts...
INFO:root:port is opened for /dev/ttyACM0
INFO:root:atsend/mfuzz starts...
INFO:root:atsend/mfuzz starts...
INFO:root:atsend/mfuzz starts...
INFO:root:atsend/mfuzz starts...
INFO:root:atsend/mfuzz starts...
INFO:root:atsend/mfuzz starts...
INFO:root:port is opened for /dev/ttyACM1
INFO:root:atsend/mfuzz ends...
INFO:root:atsend/mfuzz starts...
INFO:root:port is opened for /dev/ttyACM1
INFO:root:atsend/mfuzz starts...
INFO:root:atsend/mfuzz starts...
INFO:root:atsend/mfuzz starts...
INFO:root:atsend/mfuzz starts...
INFO:root:atsend/mfuzz starts...
INFO:root:port is opened for /dev/ttyACM0
INFO:root:atsend/mfuzz ends...
INFO:root:atsend/mfuzz starts...
INFO:root:port is opened for /dev/ttyACM0
INFO:root:atsend/mfuzz ends...
INFO:root:atsend/mfuzz starts...
INFO:root:atsend/mfuzz starts...
INFO:root:port is opened for /dev/ttyACM1
INFO:root:atsend/mfuzz ends...
INFO:root:atsend/mfuzz starts...
INFO:root:port is opened for /dev/ttyACM1
INFO:root:atsend/mfuzz ends...
INFO:root:atsend/mfuzz starts...
INFO:root:port is opened for /dev/ttyACM0
INFO:root:atsend/mfuzz ends...
INFO:root:atsend/mfuzz starts...
INFO:root:port is opened for /dev/ttyACM0
INFO:root:atsend/mfuzz starts...
INFO:root:atsend/mfuzz starts...
INFO:root:atsend/mfuzz starts...
INFO:root:atsend/mfuzz starts...
INFO:root:atsend/mfuzz starts...
INFO:root:atsend/mfuzz starts...
INFO:root:port is opened for /dev/ttyACM0
INFO:root:atsend/mfuzz ends...
INFO:root:atsend/mfuzz starts...
INFO:root:port is opened for /dev/ttyACM0
INFO:root:atsend/mfuzz starts...
INFO:root:atsend/mfuzz starts...
INFO:root:port is opened for /dev/ttyACM0
INFO:root:atsend/mfuzz ends...
INFO:root:atsend/mfuzz starts...
INFO:root:port is opened for /dev/ttyACM0
INFO:root:atsend/mfuzz starts...
INFO:root:atsend/mfuzz starts...
INFO:root:port is opened for /dev/ttyACM1
INFO:root:atsend/mfuzz ends...
INFO:root:atsend/mfuzz starts...
INFO:root:port is opened for /dev/ttyACM1
INFO:root:atsend/mfuzz ends...
INFO:root:atsend/mfuzz starts...
INFO:root:atsend/mfuzz starts...
INFO:root:atsend/mfuzz starts...
INFO:root:port is opened for /dev/ttyACM0
INFO:root:atsend/mfuzz ends...
INFO:root:atsend/mfuzz starts...
INFO:root:port is opened for /dev/ttyACM0
INFO:root:atsend/mfuzz starts...
INFO:root:atsend/mfuzz starts...
INFO:root:atsend/mfuzz starts...
INFO:root:port is opened for /dev/ttyACM0
INFO:root:atsend/mfuzz ends...
INFO:root:atsend/mfuzz starts...
INFO:root:port is opened for /dev/ttyACM0
INFO:root:atsend/mfuzz ends...
INFO:root:atsend/mfuzz starts...
INFO:root:atsend/mfuzz starts...
INFO:root:atsend/mfuzz starts...
INFO:root:atsend/mfuzz starts...
INFO:root:port is opened for /dev/ttyACM1
INFO:root:atsend/mfuzz ends...
INFO:root:atsend/mfuzz starts...
INFO:root:port is opened for /dev/ttyACM1
INFO:root:atsend/mfuzz starts...
INFO:root:atsend/mfuzz starts...
INFO:root:atsend/mfuzz starts...
INFO:root:port is opened for /dev/ttyACM0
INFO:root:atsend/mfuzz ends...
INFO:root:atsend/mfuzz starts...
INFO:root:port is opened for /dev/ttyACM0
INFO:root:atsend/mfuzz ends...
INFO:root:atsend/mfuzz starts...
INFO:root:atsend/mfuzz starts...
INFO:root:port is opened for /dev/ttyACM1
INFO:root:atsend/mfuzz ends...
INFO:root:atsend/mfuzz starts...
INFO:root:port is opened for /dev/ttyACM1
INFO:root:atsend/mfuzz ends...
INFO:root:atsend/mfuzz starts...
INFO:root:atsend/mfuzz starts...
INFO:root:atsend/mfuzz starts...
INFO:root:atsend/mfuzz starts...
INFO:root:port is opened for /dev/ttyACM0
INFO:root:atsend/mfuzz starts...
INFO:root:port is opened for /dev/ttyACM0
INFO:root:atsend/mfuzz starts...
INFO:root:port is opened for /dev/ttyACM0
INFO:root:atsend/mfuzz starts...
INFO:root:port is opened for /dev/ttyACM0
INFO:root:atsend/mfuzz starts...
INFO:root:port is opened for /dev/ttyACM0
INFO:root:port is opened for /dev/ttyACM0
INFO:root:atsend/mfuzz ends...
INFO:root:atsend/mfuzz starts...
INFO:root:port is opened for /dev/ttyACM0
INFO:root:port is opened for /dev/ttyACM0
INFO:root:atsend/mfuzz ends...
INFO:root:atsend/mfuzz starts...
INFO:root:port is opened for /dev/ttyACM0
INFO:root:port is opened for /dev/ttyACM0
INFO:root:atsend/mfuzz starts...
INFO:root:port is opened for /dev/ttyACM1
INFO:root:response [['ATID12\r\r', 'Manufacturer: LG Electronics\r', 'Model: D820    \r', 'Revision: M8974A-2.0.50.2.26  1  [Sep 03 2014 07:00:00]\r', 'SVN: 58\r', 'IMEI: 352584064402768\r', '+GCAP: +CGSM\r', 'NO CARRIER\r']]
INFO:root:atsend/mfuzz starts...
INFO:root:port is opened for /dev/ttyACM1
INFO:root:atsend/mfuzz starts...
INFO:root:atsend/mfuzz starts...
INFO:root:atsend/mfuzz starts...
INFO:root:port is opened for /dev/ttyACM0
INFO:root:response [['ATID12\r\r', 'Manufacturer: LG Electronics\r', 'Model: D820    \r', 'Revision: M8974A-2.0.50.2.26  1  [Sep 03 2014 07:00:00]\r', 'SVN: 58\r', 'IMEI: 352584064402768\r', '+GCAP: +CGSM\r', 'NO CARRIER\r']]
INFO:root:atsend/mfuzz starts...
INFO:root:port is opened for /dev/ttyACM0
INFO:root:atsend/mfuzz starts...
INFO:root:atsend/mfuzz starts...
INFO:root:atsend/mfuzz starts...
INFO:root:atsend/mfuzz starts...
INFO:root:port is opened for /dev/ttyACM1
INFO:root:response [['ATID12\r\r', 'Manufacturer: LG Electronics\r', 'Model: D820    \r', 'Revision: M8974A-2.0.50.2.26  1  [Sep 03 2014 07:00:00]\r', 'SVN: 58\r', 'IMEI: 352584064402768\r', '+GCAP: +CGSM\r', 'NO CARRIER\r']]
INFO:root:atsend/mfuzz starts...
INFO:root:port is opened for /dev/ttyACM1
INFO:root:atsend/mfuzz starts...
INFO:root:atsend/mfuzz starts...
INFO:root:port is opened for /dev/ttyACM0
INFO:root:atsend/mfuzz starts...
INFO:root:port is opened for /dev/ttyACM0
INFO:root:atsend/mfuzz starts...
INFO:root:port is opened for /dev/ttyACM0
INFO:root:atsend/mfuzz starts...
INFO:root:port is opened for /dev/ttyACM0
INFO:root:atsend/mfuzz starts...
INFO:root:atsend/mfuzz starts...
INFO:root:port is opened for /dev/ttyACM0
INFO:root:atsend/mfuzz starts...
INFO:root:port is opened for /dev/ttyACM0
INFO:root:atsend/mfuzz starts...
INFO:root:atsend/mfuzz starts...
INFO:root:port is opened for /dev/ttyACM1
INFO:root:atsend/mfuzz starts...
INFO:root:port is opened for /dev/ttyACM1
INFO:root:atsend/mfuzz starts...
INFO:root:atsend/mfuzz starts...
INFO:root:port is opened for /dev/ttyACM0
INFO:root:atsend/mfuzz starts...
INFO:root:port is opened for /dev/ttyACM0
INFO:root:atsend/mfuzz starts...
INFO:root:atsend/mfuzz starts...
INFO:root:atsend/mfuzz starts...
INFO:root:atsend/mfuzz starts...
INFO:root:port is opened for /dev/ttyACM1
INFO:root:atsend/mfuzz starts...
INFO:root:atsend/mfuzz starts...
INFO:root:atsend/mfuzz starts...
INFO:root:port is opened for /dev/ttyACM0
INFO:root:atsend/mfuzz starts...
INFO:root:port is opened for /dev/ttyACM0
INFO:root:atsend/mfuzz starts...
INFO:root:atsend/mfuzz starts...
INFO:root:atsend/mfuzz starts...
INFO:root:atsend/mfuzz starts...
INFO:root:atsend/mfuzz starts...
INFO:root:atsend/mfuzz starts...
INFO:root:atsend/mfuzz starts...
INFO:root:port is opened for /dev/ttyACM1
INFO:root:atsend/mfuzz starts...
INFO:root:port is opened for /dev/ttyACM1
INFO:root:atsend/mfuzz starts...
INFO:root:port is opened for /dev/ttyACM0
INFO:root:response [['ATID12\r\r', 'Manufacturer: LG Electronics\r', 'Model: D820    \r', 'Revision: M8974A-2.0.50.2.26  1  [Sep 03 2014 07:00:00]\r', 'SVN: 58\r', 'IMEI: 352584064402768\r', '+GCAP: +CGSM\r']]
INFO:root:atsend/mfuzz starts...
INFO:root:port is opened for /dev/ttyACM0
INFO:root:atsend/mfuzz starts...
INFO:root:port is opened for /dev/ttyACM0
INFO:root:atsend/mfuzz starts...
INFO:root:port is opened for /dev/ttyACM0
INFO:root:atsend/mfuzz starts...
INFO:root:port is opened for /dev/ttyACM0
INFO:root:atsend/mfuzz starts...
INFO:root:port is opened for /dev/ttyACM0
INFO:root:atsend/mfuzz starts...
INFO:root:port is opened for /dev/ttyACM0
INFO:root:atsend/mfuzz starts...
INFO:root:atsend/mfuzz starts...
INFO:root:port is opened for /dev/ttyACM0
INFO:root:atsend/mfuzz starts...
INFO:root:port is opened for /dev/ttyACM0
INFO:root:port is opened for /dev/ttyACM0
INFO:root:port is opened for /dev/ttyACM0
INFO:root:atsend/mfuzz ends...
INFO:root:atsend/mfuzz starts...
INFO:root:port is opened for /dev/ttyACM0
